<?xml version="1.0" encoding="UTF-8"?>
<testsuite xmlns:xsi="http://www.w3.org/2001/XMLSchema-instance" xsi:noNamespaceSchemaLocation="https://maven.apache.org/surefire/maven-surefire-plugin/xsd/surefire-test-report-3.0.xsd" version="3.0" name="TestSuite" time="28.159" tests="2" errors="0" skipped="0" failures="0">
  <properties>
[...]
</properties>
  <testcase name="BankManagerLogin" classname="com.Automate.tests.Te1sts" time="2.828">
    <system-out><![CDATA[//button[@class='btn btn-primary btn-lg'][@ng-click='manager()']
button[class='btn btn-lg tab'][ng-class='btnClass1']
input[ng-model='fName']
]]></system-out>
    <system-err><![CDATA[SLF4J: Failed to load class "org.slf4j.impl.StaticLoggerBinder".
SLF4J: Defaulting to no-operation (NOP) logger implementation
SLF4J: See http://www.slf4j.org/codes.html#StaticLoggerBinder for further details.
Starting ChromeDriver 89.0.4389.23 (61b08ee2c50024bab004e48d2b1b083cdbdac579-refs/branch-heads/4389@{#294}) on port 22327
Only local connections are allowed.
Please see https://chromedriver.chromium.org/security-considerations for suggestions on keeping ChromeDriver safe.
ChromeDriver was started successfully.
Apr 13, 2021 7:22:35 PM org.openqa.selenium.remote.ProtocolHandshake createSession
INFO: Detected dialect: W3C
]]></system-err>
  </testcase>
  <testcase name="addCustomerTest[fName, lName, pCode](1)" classname="com.Automate.tests.Te1sts" time="0.156">
    <system-out><![CDATA[//button[@class='btn btn-primary btn-lg'][@ng-click='manager()']
button[class='btn btn-lg tab'][ng-class='btnClass1']
]]></system-out>
  </testcase>
</testsuite>