<?xml version="1.0" encoding="UTF-8"?>
<testng-results skipped="0" failed="0" ignored="0" total="2" passed="2">
  <reporter-output>
  </reporter-output>
  <suite name="Suite" duration-ms="8792" started-at="2021-04-13T19:22:35 IST" finished-at="2021-04-13T19:22:44 IST">
    <groups>
    </groups>
    <test name="Initial Test" duration-ms="8792" started-at="2021-04-13T19:22:35 IST" finished-at="2021-04-13T19:22:44 IST">
      <class name="com.Automate.tests.Te1sts">
        <test-method status="PASS" signature="setUp()[pri:0, instance:com.Automate.tests.Te1sts@704921a5]" name="setUp" is-config="true" duration-ms="10380" started-at="2021-04-13T19:22:25 IST" finished-at="2021-04-13T19:22:35 IST">
          <reporter-output>
          </reporter-output>
        </test-method> <!-- setUp -->
        <test-method status="PASS" signature="Nav()[pri:0, instance:com.Automate.tests.Te1sts@704921a5]" name="Nav" is-config="true" duration-ms="5706" started-at="2021-04-13T19:22:35 IST" finished-at="2021-04-13T19:22:41 IST">
          <reporter-output>
          </reporter-output>
        </test-method> <!-- Nav -->
        <test-method status="PASS" signature="BankManagerLogin()[pri:0, instance:com.Automate.tests.Te1sts@704921a5]" name="BankManagerLogin" duration-ms="2854" started-at="2021-04-13T19:22:41 IST" finished-at="2021-04-13T19:22:44 IST">
          <reporter-output>
          </reporter-output>
        </test-method> <!-- BankManagerLogin -->
        <test-method status="PASS" signature="Nav()[pri:0, instance:com.Automate.tests.Te1sts@704921a5]" name="Nav" is-config="true" duration-ms="21" started-at="2021-04-13T19:22:44 IST" finished-at="2021-04-13T19:22:44 IST">
          <reporter-output>
          </reporter-output>
        </test-method> <!-- Nav -->
        <test-method status="PASS" signature="addCustomerTest(java.lang.String,java.lang.String,java.lang.String)[pri:0, instance:com.Automate.tests.Te1sts@704921a5]" name="addCustomerTest" duration-ms="152" started-at="2021-04-13T19:22:44 IST" finished-at="2021-04-13T19:22:44 IST">
          <params>
            <param index="0">
              <value>
                <![CDATA[fName]]>
              </value>
            </param>
            <param index="1">
              <value>
                <![CDATA[lName]]>
              </value>
            </param>
            <param index="2">
              <value>
                <![CDATA[pCode]]>
              </value>
            </param>
          </params>
          <reporter-output>
          </reporter-output>
        </test-method> <!-- addCustomerTest -->
        <test-method status="PASS" signature="tearDown()[pri:0, instance:com.Automate.tests.Te1sts@704921a5]" name="tearDown" is-config="true" duration-ms="4216" started-at="2021-04-13T19:22:45 IST" finished-at="2021-04-13T19:22:49 IST">
          <reporter-output>
          </reporter-output>
        </test-method> <!-- tearDown -->
      </class> <!-- com.Automate.tests.Te1sts -->
    </test> <!-- Initial Test -->
  </suite> <!-- Suite -->
</testng-results>
