<?xml version="1.0" encoding="UTF-8"?>
<testng-results skipped="0" failed="0" ignored="0" total="1" passed="1">
  <reporter-output>
  </reporter-output>
  <suite name="Suite" duration-ms="11511" started-at="2021-02-07T12:18:46 IST" finished-at="2021-02-07T12:18:58 IST">
    <groups>
    </groups>
    <test name="Test" duration-ms="11511" started-at="2021-02-07T12:18:46 IST" finished-at="2021-02-07T12:18:58 IST">
      <class name="com.GitMaven.test.TestNGtest">
        <test-method status="PASS" signature="Navigate()[pri:0, instance:com.GitMaven.test.TestNGtest@38aa816f]" name="Navigate" duration-ms="11400" started-at="2021-02-07T12:18:46 IST" finished-at="2021-02-07T12:18:58 IST">
          <reporter-output>
          </reporter-output>
        </test-method> <!-- Navigate -->
      </class> <!-- com.GitMaven.test.TestNGtest -->
    </test> <!-- Test -->
  </suite> <!-- Suite -->
</testng-results>
