<?xml version="1.0" encoding="UTF-8"?>
<testng-results skipped="0" failed="0" ignored="0" total="0" passed="0">
  <reporter-output>
  </reporter-output>
  <suite name="com.test.selenium.ScreenShotTest" duration-ms="7" started-at="2021-02-04T11:57:14 IST" finished-at="2021-02-04T11:57:14 IST">
    <groups>
    </groups>
    <test name="Command line test" duration-ms="7" started-at="2021-02-04T11:57:14 IST" finished-at="2021-02-04T11:57:14 IST">
    </test> <!-- Command line test -->
  </suite> <!-- com.test.selenium.ScreenShotTest -->
</testng-results>
