<?xml version="1.0" encoding="UTF-8"?>
<testng-results skipped="0" failed="0" ignored="0" total="1" passed="1">
  <reporter-output>
  </reporter-output>
  <suite name="OrangeHRMSuite" duration-ms="84" started-at="2021-01-20T10:54:32 IST" finished-at="2021-01-20T10:54:32 IST">
    <groups>
    </groups>
    <test name="Test" duration-ms="84" started-at="2021-01-20T10:54:32 IST" finished-at="2021-01-20T10:54:32 IST">
      <class name="com.OrangeHRM.Test_1">
        <test-method status="PASS" signature="test()[pri:0, instance:com.OrangeHRM.Test_1@43814d18]" name="test" duration-ms="14" started-at="2021-01-20T10:54:32 IST" finished-at="2021-01-20T10:54:32 IST">
          <reporter-output>
          </reporter-output>
        </test-method> <!-- test -->
      </class> <!-- com.OrangeHRM.Test_1 -->
    </test> <!-- Test -->
  </suite> <!-- OrangeHRMSuite -->
</testng-results>
